<?xml version="1.0" encoding="UTF-8"?>
<testsuite name="ghost.GhostIgnorantTest" tests="2" skipped="0" failures="0" errors="0" timestamp="2020-11-21T15:22:14" hostname="DESKTOP-JR70JIC" time="0.002">
  <properties/>
  <testcase name="testCheckTargetScatter()" classname="ghost.GhostIgnorantTest" time="0.001"/>
  <testcase name="testCheckTargetChase()" classname="ghost.GhostIgnorantTest" time="0.001"/>
  <system-out><![CDATA[]]></system-out>
  <system-err><![CDATA[]]></system-err>
</testsuite>
