<?xml version="1.0" encoding="UTF-8"?>
<testsuite name="ghost.AppTest" tests="2" skipped="0" failures="0" errors="0" timestamp="2020-11-21T15:22:13" hostname="DESKTOP-JR70JIC" time="1.301">
  <properties/>
  <testcase name="simpleTest()" classname="ghost.AppTest" time="0.041"/>
  <testcase name="testForApp()" classname="ghost.AppTest" time="1.26"/>
  <system-out><![CDATA[]]></system-out>
  <system-err><![CDATA[]]></system-err>
</testsuite>
